<?xml version="1.0" encoding="UTF-8"?>
<!-- Generated by org.testng.reporters.JUnitReportReporter -->
<testsuite skipped="0" hostname="LAPTOP-IVDTKOOS" name="sessions.TestngTest1" tests="1" failures="0" timestamp="14 Mar 2022 10:23:53 GMT" time="2.068" errors="0">
  <testcase name="openFacebook" time="2.068" classname="sessions.TestngTest1"/>
</testsuite> <!-- sessions.TestngTest1 -->
