<?xml version="1.0" encoding="UTF-8"?>
<!-- Generated by org.testng.reporters.JUnitReportReporter -->
<testsuite skipped="0" hostname="LAPTOP-IVDTKOOS" name="sessions.LoggerUsingLog4j" tests="1" failures="0" timestamp="14 Mar 2022 09:20:32 GMT" time="9.857" errors="0">
  <testcase name="test" time="9.857" classname="sessions.LoggerUsingLog4j"/>
</testsuite> <!-- sessions.LoggerUsingLog4j -->
