<?xml version="1.0" encoding="UTF-8"?>
<!-- Generated by org.testng.reporters.JUnitReportReporter -->
<testsuite hostname="LAPTOP-IVDTKOOS" failures="0" tests="1" name="session.ActionsLearn" time="39.720" errors="0" timestamp="2022-02-20T20:10:51 IST" skipped="0">
  <testcase classname="session.ActionsLearn" name="test" time="39.720"/>
  <system-out/>
</testsuite> <!-- session.ActionsLearn -->
