<?xml version="1.0" encoding="UTF-8"?>
<!-- Generated by org.testng.reporters.JUnitReportReporter -->
<testsuite hostname="LAPTOP-IVDTKOOS" failures="0" tests="1" name="session.ActionsResizable" time="29.373" errors="0" timestamp="2022-02-20T20:42:47 IST" skipped="0">
  <testcase classname="session.ActionsResizable" name="test" time="29.373"/>
  <system-out/>
</testsuite> <!-- session.ActionsResizable -->
