<?xml version="1.0" encoding="UTF-8"?>
<!-- Generated by org.testng.reporters.JUnitReportReporter -->
<testsuite hostname="LAPTOP-IVDTKOOS" failures="0" tests="1" name="session.trial" time="4.390" errors="0" timestamp="2022-02-15T13:19:33 IST" skipped="0">
  <testcase classname="session.trial" name="setup" time="4.390"/>
  <system-out/>
</testsuite> <!-- session.trial -->
