<?xml version="1.0" encoding="UTF-8"?>
<!-- Generated by org.testng.reporters.JUnitReportReporter -->
<testsuite skipped="0" hostname="LAPTOP-IVDTKOOS" name="sessions.TestngTest1" tests="2" failures="0" timestamp="2022-03-04T15:49:44 IST" time="3.430" errors="0">
  <testcase name="openFacebook" time="2.200" classname="sessions.TestngTest1"/>
  <system-out/>
  <testcase name="openGoogle" time="1.230" classname="sessions.TestngTest1"/>
  <system-out/>
</testsuite> <!-- sessions.TestngTest1 -->
