<?xml version="1.0" encoding="UTF-8"?>
<!-- Generated by org.testng.reporters.JUnitReportReporter -->
<testsuite skipped="0" hostname="LAPTOP-IVDTKOOS" name="sessions.WindowHandling" tests="1" failures="0" timestamp="2022-02-24T22:03:41 IST" time="33.755" errors="0">
  <testcase name="test" time="33.755" classname="sessions.WindowHandling"/>
  <system-out/>
</testsuite> <!-- sessions.WindowHandling -->
