<?xml version="1.0" encoding="UTF-8"?>
<!-- Generated by org.testng.reporters.JUnitReportReporter -->
<testsuite skipped="0" hostname="LAPTOP-IVDTKOOS" name="sessions.LoggerUsingLog4j" tests="1" failures="0" timestamp="2022-03-02T10:44:41 IST" time="8.526" errors="0">
  <testcase name="test" time="8.526" classname="sessions.LoggerUsingLog4j"/>
  <system-out/>
</testsuite> <!-- sessions.LoggerUsingLog4j -->
