<?xml version="1.0" encoding="UTF-8"?>
<!-- Generated by org.testng.reporters.JUnitReportReporter -->
<testsuite skipped="0" hostname="LAPTOP-IVDTKOOS" name="sessions.DatePicker" tests="1" failures="0" timestamp="2022-03-02T15:43:03 IST" time="18.164" errors="0">
  <testcase name="test" time="18.164" classname="sessions.DatePicker"/>
  <system-out/>
</testsuite> <!-- sessions.DatePicker -->
