<?xml version="1.0" encoding="UTF-8"?>
<!-- Generated by org.testng.reporters.JUnitReportReporter -->
<testsuite skipped="0" hostname="LAPTOP-IVDTKOOS" name="sessions.TestDataProvider" tests="10" failures="0" timestamp="14 Mar 2022 09:58:09 GMT" time="0.060" errors="0">
  <testcase name="testDataProvider" time="0.003" classname="sessions.TestDataProvider"/>
  <testcase name="testDataProvider" time="0.004" classname="sessions.TestDataProvider"/>
  <testcase name="testDataProvider" time="0.002" classname="sessions.TestDataProvider"/>
  <testcase name="testDataProvider" time="0.005" classname="sessions.TestDataProvider"/>
  <testcase name="testDataProvider" time="0.003" classname="sessions.TestDataProvider"/>
  <testcase name="testDataProvider" time="0.003" classname="sessions.TestDataProvider"/>
  <testcase name="testDataProvider" time="0.005" classname="sessions.TestDataProvider"/>
  <testcase name="testDataProvider" time="0.002" classname="sessions.TestDataProvider"/>
  <testcase name="testDataProvider" time="0.031" classname="sessions.TestDataProvider"/>
  <testcase name="testDataProvider" time="0.002" classname="sessions.TestDataProvider"/>
</testsuite> <!-- sessions.TestDataProvider -->
