<?xml version="1.0" encoding="UTF-8"?>
<!-- Generated by org.testng.reporters.JUnitReportReporter -->
<testsuite skipped="0" hostname="LAPTOP-IVDTKOOS" name="sessions.TestngTest2" tests="1" failures="0" timestamp="14 Mar 2022 09:22:44 GMT" time="2.033" errors="0">
  <testcase name="openInstagram" time="2.033" classname="sessions.TestngTest2"/>
</testsuite> <!-- sessions.TestngTest2 -->
