<?xml version="1.0" encoding="UTF-8"?>
<!-- Generated by org.testng.reporters.JUnitReportReporter -->
<testsuite skipped="0" hostname="LAPTOP-IVDTKOOS" name="sessions.KeyboardEvents" tests="1" failures="0" timestamp="2022-03-04T14:37:37 IST" time="15.611" errors="0">
  <testcase name="test" time="15.611" classname="sessions.KeyboardEvents"/>
  <system-out/>
</testsuite> <!-- sessions.KeyboardEvents -->
