<?xml version="1.0" encoding="UTF-8"?>
<!-- Generated by org.testng.reporters.JUnitReportReporter -->
<testsuite skipped="0" hostname="LAPTOP-IVDTKOOS" name="sessions.Screenshot" tests="1" failures="0" timestamp="2022-03-02T15:23:05 IST" time="7.727" errors="0">
  <testcase name="test" time="7.727" classname="sessions.Screenshot"/>
  <system-out/>
</testsuite> <!-- sessions.Screenshot -->
