<?xml version="1.0" encoding="UTF-8"?>
<!-- Generated by org.testng.reporters.JUnitReportReporter -->
<testsuite skipped="0" hostname="LAPTOP-IVDTKOOS" name="sessions.AlertsLearn" tests="1" failures="0" timestamp="2022-02-28T15:20:04 IST" time="9.440" errors="0">
  <testcase name="test" time="9.440" classname="sessions.AlertsLearn"/>
  <system-out/>
</testsuite> <!-- sessions.AlertsLearn -->
