<?xml version="1.0" encoding="UTF-8"?>
<!-- Generated by org.testng.reporters.JUnitReportReporter -->
<testsuite skipped="0" hostname="LAPTOP-IVDTKOOS" name="sessions.test" tests="1" failures="0" timestamp="2022-03-05T14:32:09 IST" time="0.010" errors="0">
  <testcase name="testtest" time="0.010" classname="sessions.test"/>
  <system-out/>
</testsuite> <!-- sessions.test -->
