<?xml version="1.0" encoding="UTF-8"?>
<!-- Generated by org.testng.reporters.JUnitReportReporter -->
<testsuite hostname="LAPTOP-IVDTKOOS" failures="0" tests="1" name="session.JavaScriptExecutors" time="24.581" errors="0" timestamp="2022-02-17T13:34:32 IST" skipped="0">
  <testcase classname="session.JavaScriptExecutors" name="test" time="24.581"/>
  <system-out/>
</testsuite> <!-- session.JavaScriptExecutors -->
