<?xml version="1.0" encoding="UTF-8"?>
<!-- Generated by org.testng.reporters.JUnitReportReporter -->
<testsuite hostname="LAPTOP-IVDTKOOS" failures="0" tests="1" name="session.ActionsMouseOver" time="20.953" errors="0" timestamp="2022-02-21T15:46:31 IST" skipped="0">
  <testcase classname="session.ActionsMouseOver" name="test" time="20.953"/>
  <system-out/>
</testsuite> <!-- session.ActionsMouseOver -->
