<?xml version="1.0" encoding="UTF-8"?>
<!-- Generated by org.testng.reporters.JUnitReportReporter -->
<testsuite skipped="0" hostname="LAPTOP-IVDTKOOS" name="sessions.KeyboardEvents" tests="1" failures="0" timestamp="2022-02-24T21:57:04 IST" time="10.105" errors="0">
  <testcase name="test" time="10.105" classname="sessions.KeyboardEvents"/>
  <system-out/>
</testsuite> <!-- sessions.KeyboardEvents -->
