<?xml version="1.0" encoding="UTF-8"?>
<!-- Generated by org.testng.reporters.JUnitReportReporter -->
<testsuite hostname="LAPTOP-IVDTKOOS" failures="0" tests="1" name="session.ActionsSlider" time="16.700" errors="0" timestamp="2022-02-21T15:54:56 IST" skipped="0">
  <testcase classname="session.ActionsSlider" name="test" time="16.700"/>
  <system-out/>
</testsuite> <!-- session.ActionsSlider -->
