<?xml version="1.0" encoding="UTF-8"?>
<!-- Generated by org.testng.reporters.JUnitReportReporter -->
<testsuite skipped="0" hostname="LAPTOP-IVDTKOOS" name="sessions.TestngTest2" tests="1" failures="0" timestamp="2022-03-08T15:51:42 IST" time="1.118" errors="0">
  <testcase name="openInstagram" time="1.118" classname="sessions.TestngTest2"/>
  <system-out/>
</testsuite> <!-- sessions.TestngTest2 -->
