<?xml version="1.0" encoding="UTF-8"?>
<!-- Generated by org.testng.reporters.JUnitReportReporter -->
<testsuite skipped="0" hostname="LAPTOP-IVDTKOOS" name="sessions.TestngTest2" tests="2" failures="0" timestamp="2022-03-04T15:49:44 IST" time="6.562" errors="0">
  <testcase name="openInstagram" time="2.666" classname="sessions.TestngTest2"/>
  <system-out/>
  <testcase name="openYoutube" time="3.896" classname="sessions.TestngTest2"/>
  <system-out/>
</testsuite> <!-- sessions.TestngTest2 -->
