<?xml version="1.0" encoding="UTF-8"?>
<!-- Generated by org.testng.reporters.JUnitReportReporter -->
<testsuite skipped="0" hostname="LAPTOP-IVDTKOOS" name="sessions.HandleAlerts" tests="1" failures="0" timestamp="2022-02-24T00:53:40 IST" time="27.555" errors="0">
  <testcase name="test" time="27.555" classname="sessions.HandleAlerts"/>
  <system-out/>
</testsuite> <!-- sessions.HandleAlerts -->
