<?xml version="1.0" encoding="UTF-8"?>
<!-- Generated by org.testng.reporters.JUnitReportReporter -->
<testsuite skipped="0" hostname="LAPTOP-IVDTKOOS" name="sessions.Framehandling" tests="1" failures="0" timestamp="2022-02-28T15:28:04 IST" time="23.205" errors="0">
  <testcase name="test" time="23.205" classname="sessions.Framehandling"/>
  <system-out/>
</testsuite> <!-- sessions.Framehandling -->
