<?xml version="1.0" encoding="UTF-8"?>
<!-- Generated by org.testng.reporters.JUnitReportReporter -->
<testsuite hostname="LAPTOP-IVDTKOOS" failures="0" tests="1" name="session.DropDown" time="38.748" errors="0" timestamp="2022-02-20T20:51:03 IST" skipped="0">
  <testcase classname="session.DropDown" name="test" time="38.748"/>
  <system-out/>
</testsuite> <!-- session.DropDown -->
