<?xml version="1.0" encoding="UTF-8"?>
<!-- Generated by org.testng.reporters.JUnitReportReporter -->
<testsuite skipped="0" hostname="LAPTOP-IVDTKOOS" name="sessions.DragAndDrop" tests="1" failures="0" timestamp="2022-02-24T21:51:18 IST" time="21.172" errors="0">
  <testcase name="test" time="21.172" classname="sessions.DragAndDrop"/>
  <system-out/>
</testsuite> <!-- sessions.DragAndDrop -->
