<?xml version="1.0" encoding="UTF-8"?>
<!-- Generated by org.testng.reporters.JUnitReportReporter -->
<testsuite hostname="LAPTOP-IVDTKOOS" failures="0" tests="1" name="session.Waits" time="47.587" errors="0" timestamp="2022-02-17T13:41:22 IST" skipped="0">
  <testcase classname="session.Waits" name="test" time="47.587"/>
  <system-out/>
</testsuite> <!-- session.Waits -->
