<?xml version="1.0" encoding="UTF-8"?>
<!-- Generated by org.testng.reporters.JUnitReportReporter -->
<testsuite skipped="0" hostname="LAPTOP-IVDTKOOS" name="sessions.Checkbox" tests="1" failures="0" timestamp="2022-03-04T14:37:37 IST" time="8.657" errors="0">
  <testcase name="test" time="8.657" classname="sessions.Checkbox"/>
  <system-out/>
</testsuite> <!-- sessions.Checkbox -->
