<?xml version="1.0" encoding="UTF-8"?>
<!-- Generated by org.testng.reporters.JUnitReportReporter -->
<testsuite skipped="0" hostname="LAPTOP-IVDTKOOS" name="sessions.TestngTest1" tests="1" failures="0" timestamp="22 Mar 2022 10:32:33 GMT" time="1.536" errors="0">
  <testcase name="openFacebook" time="1.536" classname="sessions.TestngTest1"/>
</testsuite> <!-- sessions.TestngTest1 -->
